(server_param (visible_distance -1) (rows 15) (columns 15))
(world (stats 1 1 0.000000 0 0) ((predator 1 ) 6 14) ((predator 2 ) 9 6) ((prey 1 ) 9 8) ((prey 2 ) 14 4))
(world (stats 1 1 0.000000 0 0) ((predator 1 ) 6 14) ((predator 2 ) 9 6) ((prey 1 ) 9 8) ((prey 2 ) 14 4))
EPISODE 1 CYCLE 1b ACTION PHASE
Recv	(predator 1 ): (move east)
Recv	(predator 2 ): (move north)
(world (stats 1 2 0.000000 0 0) ((predator 1 ) 7 14) ((predator 2 ) 9 7) ((prey 1 ) 9 8) ((prey 2 ) 14 4))
EPISODE 1 CYCLE 2a ACTION PHASE
Recv	(prey 1 ): (move east)
Recv	(prey 2 ): (move west)
(world (stats 1 2 0.000000 0 0) ((predator 1 ) 7 14) ((predator 2 ) 9 7) ((prey 1 ) 10 8) ((prey 2 ) 13 4))
EPISODE 1 CYCLE 2b ACTION PHASE
Recv	(predator 1 ): (move east)
Recv	(predator 2 ): (move north)
(world (stats 1 3 0.000000 0 0) ((predator 1 ) 8 14) ((predator 2 ) 9 8) ((prey 1 ) 10 8) ((prey 2 ) 13 4))
EPISODE 1 CYCLE 3a ACTION PHASE
Recv	(prey 2 ): (move none)
Recv	(prey 1 ): (move none)
(world (stats 1 3 0.000000 0 0) ((predator 1 ) 8 14) ((predator 2 ) 9 8) ((prey 1 ) 10 8) ((prey 2 ) 13 4))
EPISODE 1 CYCLE 3b ACTION PHASE
Recv	(predator 2 ): (move south)
Recv	(predator 1 ): (move east)
(world (stats 1 4 0.000000 0 0) ((predator 1 ) 9 14) ((predator 2 ) 9 7) ((prey 1 ) 10 8) ((prey 2 ) 13 4))
EPISODE 1 CYCLE 4a ACTION PHASE
Recv	(prey 2 ): (move east)
Recv	(prey 1 ): (move north)
(world (stats 1 4 0.000000 0 0) ((predator 1 ) 9 14) ((predator 2 ) 9 7) ((prey 1 ) 10 9) ((prey 2 ) 14 4))
EPISODE 1 CYCLE 4b ACTION PHASE
Recv	(predator 2 ): (move east)
Recv	(predator 1 ): (move east)
(world (stats 1 5 0.000000 0 0) ((predator 1 ) 10 14) ((predator 2 ) 10 7) ((prey 1 ) 10 9) ((prey 2 ) 14 4))
EPISODE 1 CYCLE 5a ACTION PHASE
Recv	(prey 2 ): (move west)
Recv	(prey 1 ): (move south)
(world (stats 1 5 0.000000 0 0) ((predator 1 ) 10 14) ((predator 2 ) 10 7) ((prey 1 ) 10 8) ((prey 2 ) 13 4))
EPISODE 1 CYCLE 5b ACTION PHASE
Recv	(predator 2 ): (move north)
Recv	(predator 1 ): (move south)
(world (stats 1 6 0.000000 0 0) ((predator 1 ) 10 13) ((predator 2 ) 10 8) ((prey 1x) 10 8) ((prey 2 ) 13 4))
EPISODE 1 CYCLE 6a ACTION PHASE
Recv	(prey 2 ): (move north)
(world (stats 1 6 0.000000 0 0) ((predator 1 ) 10 13) ((predator 2 ) 10 8) ((prey 1x) 10 8) ((prey 2 ) 13 5))
EPISODE 1 CYCLE 6b ACTION PHASE
Recv	(predator 1 ): (move east)
Recv	(predator 2 ): (move east)
(world (stats 1 7 0.000000 0 0) ((predator 1 ) 11 13) ((predator 2 ) 11 8) ((prey 1x) 10 8) ((prey 2 ) 13 5))
EPISODE 1 CYCLE 7a ACTION PHASE
Recv	(prey 2 ): (move west)
(world (stats 1 7 0.000000 0 0) ((predator 1 ) 11 13) ((predator 2 ) 11 8) ((prey 1x) 10 8) ((prey 2 ) 12 5))
EPISODE 1 CYCLE 7b ACTION PHASE
Recv	(predator 2 ): (move east)
Recv	(predator 1 ): (move east)
(world (stats 1 8 0.000000 0 0) ((predator 1 ) 12 13) ((predator 2 ) 12 8) ((prey 1x) 10 8) ((prey 2 ) 12 5))
EPISODE 1 CYCLE 8a ACTION PHASE
Recv	(prey 2 ): (move east)
(world (stats 1 8 0.000000 0 0) ((predator 1 ) 12 13) ((predator 2 ) 12 8) ((prey 1x) 10 8) ((prey 2 ) 13 5))
EPISODE 1 CYCLE 8b ACTION PHASE
Recv	(predator 1 ): (move east)
Recv	(predator 2 ): (move east)
(world (stats 1 9 0.000000 0 0) ((predator 1 ) 13 13) ((predator 2 ) 13 8) ((prey 1x) 10 8) ((prey 2 ) 13 5))
EPISODE 1 CYCLE 9a ACTION PHASE
Recv	(prey 2 ): (move none)
(world (stats 1 9 0.000000 0 0) ((predator 1 ) 13 13) ((predator 2 ) 13 8) ((prey 1x) 10 8) ((prey 2 ) 13 5))
EPISODE 1 CYCLE 9b ACTION PHASE
Recv	(predator 1 ): (move north)
Recv	(predator 2 ): (move south)
(world (stats 1 10 0.000000 0 0) ((predator 1 ) 13 14) ((predator 2 ) 13 7) ((prey 1x) 10 8) ((prey 2 ) 13 5))
EPISODE 1 CYCLE 10a ACTION PHASE
Recv	(prey 2 ): (move west)
(world (stats 1 10 0.000000 0 0) ((predator 1 ) 13 14) ((predator 2 ) 13 7) ((prey 1x) 10 8) ((prey 2 ) 12 5))
EPISODE 1 CYCLE 10b ACTION PHASE
Recv	(predator 1 ): (move north)
Recv	(predator 2 ): (move south)
(world (stats 1 11 0.000000 0 0) ((predator 1 ) 13 0) ((predator 2 ) 13 6) ((prey 1x) 10 8) ((prey 2 ) 12 5))
EPISODE 1 CYCLE 11a ACTION PHASE
Recv	(prey 2 ): (move west)
(world (stats 1 11 0.000000 0 0) ((predator 1 ) 13 0) ((predator 2 ) 13 6) ((prey 1x) 10 8) ((prey 2 ) 11 5))
EPISODE 1 CYCLE 11b ACTION PHASE
Recv	(predator 2 ): (move south)
Recv	(predator 1 ): (move north)
(world (stats 1 12 0.000000 0 0) ((predator 1 ) 13 1) ((predator 2 ) 13 5) ((prey 1x) 10 8) ((prey 2 ) 11 5))
EPISODE 1 CYCLE 12a ACTION PHASE
Recv	(prey 2 ): (move east)
(world (stats 1 12 0.000000 0 0) ((predator 1 ) 13 1) ((predator 2 ) 13 5) ((prey 1x) 10 8) ((prey 2 ) 12 5))
EPISODE 1 CYCLE 12b ACTION PHASE
Recv	(predator 2 ): (move south)
Recv	(predator 1 ): (move north)
(world (stats 1 13 0.000000 0 0) ((predator 1 ) 13 2) ((predator 2 ) 13 4) ((prey 1x) 10 8) ((prey 2 ) 12 5))
EPISODE 1 CYCLE 13a ACTION PHASE
Recv	(prey 2 ): (move none)
